  Source.cpp
G:\repos\Basic2DEditor\Basic2DGameEngine\Basic2DGameEngine\rendering.h(54,13): warning C4244: 'initializing': conversion from 'double' to 'float', possible loss of data
G:\repos\Basic2DEditor\Basic2DGameEngine\Basic2DGameEngine\rendering.h(55,12): warning C4244: 'initializing': conversion from 'double' to 'float', possible loss of data
G:\repos\Basic2DEditor\Basic2DGameEngine\Basic2DGameEngine\FileManager.h(49,21): warning C4018: '<': signed/unsigned mismatch
G:\repos\Basic2DEditor\Basic2DGameEngine\Basic2DGameEngine\Game.h(20,32): warning C4244: 'argument': conversion from 'float' to 'T', possible loss of data
          with
          [
              T=int32_t
          ]
G:\repos\Basic2DEditor\Basic2DGameEngine\Basic2DGameEngine\Game.h(20,26): warning C4244: 'argument': conversion from 'float' to 'T', possible loss of data
          with
          [
              T=int32_t
          ]
G:\repos\Basic2DEditor\Basic2DGameEngine\Basic2DGameEngine\Game.h(21,38): warning C4244: 'argument': conversion from 'float' to 'T', possible loss of data
          with
          [
              T=int32_t
          ]
G:\repos\Basic2DEditor\Basic2DGameEngine\Basic2DGameEngine\Game.h(21,32): warning C4244: 'argument': conversion from 'float' to 'T', possible loss of data
          with
          [
              T=int32_t
          ]
G:\repos\Basic2DEditor\Basic2DGameEngine\Basic2DGameEngine\Game.h(23,28): warning C4305: 'initializing': truncation from 'double' to 'const float'
G:\repos\Basic2DEditor\Basic2DGameEngine\Basic2DGameEngine\Game.h(249,1): warning C4244: '-=': conversion from 'double' to 'float', possible loss of data
G:\repos\Basic2DEditor\Basic2DGameEngine\Basic2DGameEngine\Game.h(251,1): warning C4244: '+=': conversion from 'double' to 'float', possible loss of data
LINK : warning LNK4098: defaultlib 'LIBCMT' conflicts with use of other libs; use /NODEFAULTLIB:library
  Generating code
  1 of 1661 functions (<0.1%) were compiled, the rest were copied from previous compilation.
    0 functions were new in current compilation
    2 functions had inline decision re-evaluated but remain unchanged
  Finished generating code
  Basic2DGameEngine.vcxproj -> G:\repos\Basic2DEditor\Basic2DGameEngine\Release\Basic2DGameEngine.exe
